CRITICAL - 2022-06-09 04:00:47 --> count(): Argument #1 ($value) must be of type Countable|array, null given
#0 C:\xampp\htdocs\meeting_room_reservation\vendor\codeigniter4\framework\system\View\View.php(210): include()
#1 C:\xampp\htdocs\meeting_room_reservation\vendor\codeigniter4\framework\system\View\View.php(213): CodeIgniter\View\View->CodeIgniter\View\{closure}()
#2 C:\xampp\htdocs\meeting_room_reservation\vendor\codeigniter4\framework\system\Common.php(1089): CodeIgniter\View\View->render('backend/pages/u...', Array, true)
#3 C:\xampp\htdocs\meeting_room_reservation\app\Controllers\Internal\UserController.php(21): view('backend/pages/u...', Array)
#4 C:\xampp\htdocs\meeting_room_reservation\vendor\codeigniter4\framework\system\CodeIgniter.php(832): App\Controllers\Internal\UserController->index()
#5 C:\xampp\htdocs\meeting_room_reservation\vendor\codeigniter4\framework\system\CodeIgniter.php(419): CodeIgniter\CodeIgniter->runController(Object(App\Controllers\Internal\UserController))
#6 C:\xampp\htdocs\meeting_room_reservation\vendor\codeigniter4\framework\system\CodeIgniter.php(326): CodeIgniter\CodeIgniter->handleRequest(NULL, Object(Config\Cache), false)
#7 C:\xampp\htdocs\meeting_room_reservation\public\index.php(37): CodeIgniter\CodeIgniter->run()
#8 C:\xampp\htdocs\meeting_room_reservation\vendor\codeigniter4\framework\system\Commands\Server\rewrite.php(43): require_once('C:\\xampp\\htdocs...')
#9 {main}
ERROR - 2022-06-09 19:48:11 --> Duplicate entry 'alifahrahma@gmail.com' for key 'email'
CRITICAL - 2022-06-09 19:48:11 --> Duplicate entry 'alifahrahma@gmail.com' for key 'email'
#0 C:\xampp\htdocs\meeting_room_reservation\vendor\codeigniter4\framework\system\Database\MySQLi\Connection.php(292): mysqli->query('INSERT INTO `us...', 0)
#1 C:\xampp\htdocs\meeting_room_reservation\vendor\codeigniter4\framework\system\Database\BaseConnection.php(670): CodeIgniter\Database\MySQLi\Connection->execute('INSERT INTO `us...')
#2 C:\xampp\htdocs\meeting_room_reservation\vendor\codeigniter4\framework\system\Database\BaseConnection.php(598): CodeIgniter\Database\BaseConnection->simpleQuery('INSERT INTO `us...')
#3 C:\xampp\htdocs\meeting_room_reservation\vendor\codeigniter4\framework\system\Database\BaseBuilder.php(1771): CodeIgniter\Database\BaseConnection->query('INSERT INTO `us...', Array, false)
#4 C:\xampp\htdocs\meeting_room_reservation\vendor\codeigniter4\framework\system\Model.php(239): CodeIgniter\Database\BaseBuilder->insert()
#5 C:\xampp\htdocs\meeting_room_reservation\vendor\codeigniter4\framework\system\BaseModel.php(738): CodeIgniter\Model->doInsert(Array)
#6 C:\xampp\htdocs\meeting_room_reservation\vendor\codeigniter4\framework\system\Model.php(625): CodeIgniter\BaseModel->insert(Array, false)
#7 C:\xampp\htdocs\meeting_room_reservation\vendor\codeigniter4\framework\system\BaseModel.php(658): CodeIgniter\Model->insert(Array, false)
#8 C:\xampp\htdocs\meeting_room_reservation\app\Controllers\Internal\UserController.php(72): CodeIgniter\BaseModel->save(Array)
#9 C:\xampp\htdocs\meeting_room_reservation\vendor\codeigniter4\framework\system\CodeIgniter.php(832): App\Controllers\Internal\UserController->store()
#10 C:\xampp\htdocs\meeting_room_reservation\vendor\codeigniter4\framework\system\CodeIgniter.php(419): CodeIgniter\CodeIgniter->runController(Object(App\Controllers\Internal\UserController))
#11 C:\xampp\htdocs\meeting_room_reservation\vendor\codeigniter4\framework\system\CodeIgniter.php(326): CodeIgniter\CodeIgniter->handleRequest(NULL, Object(Config\Cache), false)
#12 C:\xampp\htdocs\meeting_room_reservation\public\index.php(37): CodeIgniter\CodeIgniter->run()
#13 C:\xampp\htdocs\meeting_room_reservation\vendor\codeigniter4\framework\system\Commands\Server\rewrite.php(43): require_once('C:\\xampp\\htdocs...')
#14 {main}
ERROR - 2022-06-09 19:48:42 --> Duplicate entry 'alifahrahma@gmail.com' for key 'email'
CRITICAL - 2022-06-09 19:48:42 --> Duplicate entry 'alifahrahma@gmail.com' for key 'email'
#0 C:\xampp\htdocs\meeting_room_reservation\vendor\codeigniter4\framework\system\Database\MySQLi\Connection.php(292): mysqli->query('INSERT INTO `us...', 0)
#1 C:\xampp\htdocs\meeting_room_reservation\vendor\codeigniter4\framework\system\Database\BaseConnection.php(670): CodeIgniter\Database\MySQLi\Connection->execute('INSERT INTO `us...')
#2 C:\xampp\htdocs\meeting_room_reservation\vendor\codeigniter4\framework\system\Database\BaseConnection.php(598): CodeIgniter\Database\BaseConnection->simpleQuery('INSERT INTO `us...')
#3 C:\xampp\htdocs\meeting_room_reservation\vendor\codeigniter4\framework\system\Database\BaseBuilder.php(1771): CodeIgniter\Database\BaseConnection->query('INSERT INTO `us...', Array, false)
#4 C:\xampp\htdocs\meeting_room_reservation\vendor\codeigniter4\framework\system\Model.php(239): CodeIgniter\Database\BaseBuilder->insert()
#5 C:\xampp\htdocs\meeting_room_reservation\vendor\codeigniter4\framework\system\BaseModel.php(738): CodeIgniter\Model->doInsert(Array)
#6 C:\xampp\htdocs\meeting_room_reservation\vendor\codeigniter4\framework\system\Model.php(625): CodeIgniter\BaseModel->insert(Array, false)
#7 C:\xampp\htdocs\meeting_room_reservation\vendor\codeigniter4\framework\system\BaseModel.php(658): CodeIgniter\Model->insert(Array, false)
#8 C:\xampp\htdocs\meeting_room_reservation\app\Controllers\Internal\UserController.php(72): CodeIgniter\BaseModel->save(Array)
#9 C:\xampp\htdocs\meeting_room_reservation\vendor\codeigniter4\framework\system\CodeIgniter.php(832): App\Controllers\Internal\UserController->store()
#10 C:\xampp\htdocs\meeting_room_reservation\vendor\codeigniter4\framework\system\CodeIgniter.php(419): CodeIgniter\CodeIgniter->runController(Object(App\Controllers\Internal\UserController))
#11 C:\xampp\htdocs\meeting_room_reservation\vendor\codeigniter4\framework\system\CodeIgniter.php(326): CodeIgniter\CodeIgniter->handleRequest(NULL, Object(Config\Cache), false)
#12 C:\xampp\htdocs\meeting_room_reservation\public\index.php(37): CodeIgniter\CodeIgniter->run()
#13 C:\xampp\htdocs\meeting_room_reservation\vendor\codeigniter4\framework\system\Commands\Server\rewrite.php(43): require_once('C:\\xampp\\htdocs...')
#14 {main}
